<?xml version="1.0" encoding="UTF-8"?>
<testsuite name="HelloWorld.AppTest" tests="1" skipped="0" failures="0" errors="0" timestamp="2021-07-27T20:14:22" hostname="HOMELAPTOP" time="0.052">
  <properties/>
  <testcase name="[1:3] Hello World!" classname="HelloWorld.AppTest" time="0.052"/>
  <system-out><![CDATA[16:14:22.710 [Test worker] WARN com.intuit.karate - skipping bootstrap configuration: could not find or read file: classpath:karate-config.js
16:14:22.717 [Test worker] INFO com.intuit.karate - [print] Hello World!
---------------------------------------------------------
feature: classpath:HelloWorld/HelloWorld.feature
scenarios:  1 | passed:  1 | failed:  0 | time: 0.0066
---------------------------------------------------------
]]></system-out>
  <system-err><![CDATA[]]></system-err>
</testsuite>
